f:\project class\project1\project1\x64\debug\vc141.pdb
f:\project class\project1\project1\x64\debug\vc141.idb
f:\project class\project1\project1\x64\debug\rectangle.obj
f:\project class\project1\project1\x64\debug\pyramid.obj
f:\project class\project1\project1\x64\debug\naca4digits.obj
f:\project class\project1\project1\x64\debug\naca2412.obj
f:\project class\project1\project1\x64\debug\ellips.obj
f:\project class\project1\project1\x64\debug\cubeandsphere.obj
f:\project class\project1\project1\x64\debug\conetow.obj
f:\project class\project1\project1\x64\debug\circle.obj
f:\project class\project1\project1\x64\debug\bottle.obj
f:\project class\project1\project1\x64\debug\revolve.obj
f:\project class\project1\project1\x64\debug\pt3d.obj
f:\project class\project1\project1\x64\debug\pt2d.obj
f:\project class\project1\project1\x64\debug\model.obj
f:\project class\project1\project1\x64\debug\mesh.obj
f:\project class\project1\project1\x64\debug\fillet.obj
f:\project class\project1\project1\x64\debug\curve3d.obj
f:\project class\project1\project1\x64\debug\chamfer.obj
f:\project class\project1\project1\x64\debug\box.obj
f:\project class\project1\project1\x64\debug\airplane.obj
f:\project class\project1\project1\x64\debug\airplanetwo.obj
f:\project class\project1\project1\x64\debug\main.obj
f:\project class\project1\project1\x64\debug\vec3d.obj
f:\project class\project1\project1\x64\debug\vec2d.obj
f:\project class\project1\project1\x64\debug\vec.obj
f:\project class\project1\project1\x64\debug\tools.obj
f:\project class\project1\project1\x64\debug\test.obj
f:\project class\project1\project1\x64\debug\sphere.obj
f:\project class\project1\project1\x64\debug\truncatedpyramid.obj
f:\project class\project1\project1\x64\debug\truncatedcone.obj
f:\project class\project1\project1\x64\debug\triangle.obj
f:\project class\project1\project1\x64\debug\square.obj
f:\project class\project1\project1\x64\debug\shape.obj
f:\project class\project1\x64\debug\project1.exe
f:\project class\project1\x64\debug\project1.ilk
c:\users\fanava~1\appdata\local\temp\lnk{9caa02c6-e11e-4c16-8526-b99bc71a5d78}.tmp
f:\project class\project1\x64\debug\project1.pdb
f:\project class\project1\x64\debug\project1.lib
f:\project class\project1\x64\debug\project1.exp
f:\project class\project1\project1\x64\debug\project1.tlog\cl.command.1.tlog
f:\project class\project1\project1\x64\debug\project1.tlog\cl.read.1.tlog
f:\project class\project1\project1\x64\debug\project1.tlog\cl.write.1.tlog
f:\project class\project1\project1\x64\debug\project1.tlog\link.command.1.tlog
f:\project class\project1\project1\x64\debug\project1.tlog\link.read.1.tlog
f:\project class\project1\project1\x64\debug\project1.tlog\link.write.1.tlog
f:\project class\project1\project1\x64\debug\project1.tlog\project1.write.1u.tlog
